[    0.000000] Initializing cgroup subsys cpuset
[    0.000000] Initializing cgroup subsys cpu
[    0.000000] Initializing cgroup subsys cpuacct
[    0.000000] Linux version 4.4.0-119-generic (buildd@lcy01-amd64-013) (gcc version 5.4.0 20160609 (Ubuntu 5.4.0-6ubuntu1~16.04.9) ) #143-Ubuntu SMP Mon Apr 2 16:08:24 UTC 2018 (Ubuntu 4.4.0-119.143-generic 4.4.114)
[    0.00000Comand line: BOOT_IMAGE=/boot/vmlinuz-4.4.0-119-generic root=LABEL=cloudimg-rootfs ro console=tty1 consolety0
[  0000000] KERNEL supported cpus:
[    0.000000]   Intel GenuineIntel
[  0000000]   AMD AuthenticAMD
[    0.000000]   Centaur CentaurHauls
[  0.00000] 86/fpu: xstate_offset[2]:  576, xstate_sizes[2]:  256
[    0.000000] x86/fpu: Supporting XSAVE feature 0x01: 'x87 floating point registers'
[    0.000000] x86/fpu: Supporting XSAVE feature 0x02: 'SSE registers'
[  000000] x86/fpu: Supporting XSAVE feature 0x04: 'AVX registers'
[  00000 x86/fpu: Enabled xstate features 0x7, context size is 832 bytes, sing 'standard' format.
[    0.000000] x86/fpu: Using 'lazy' FPU context switches.
[    0.000000] e820: BIOS-provided physical RAM map:
[    0.000000] BIOS-e820: [mem 0x0000000000000000-0x000000000009fbff] usable
[    0.000000] BIOS-e820: [mem 0x000000000009fc00-0x000000000009ffff] reserved
[    0.000000] BIOS-e820: [mem 0x00000000000f0000-0x00000000000fffff] reserved
[    0.000000] BIOS-e820: [mem 0x0000000000100000-0x000000001ffeffff] usable
[    0.000000] BIOS-e820: [mem 0x000000001fff0000-0x000000001fffffff] ACPI data
[    0.000000] BIOS-e820: [mem 0x00000000fec00000-0x00000000fec00fff] reserved
[    0.000000] BIOS-e820: [mem 0x00000000fee00000-0x00000000fee00fff] reserved
[    0.000000] BIOS-e820: [mem 0x00000000fffc0000-0x00000000ffffffff] reserved
[    0.000000] NX (Execute Disable) protection: active
[    0.000000] SMBIOS 2.5 present..
[    0.000000] Hypervisor detected: KVM
[    0.000000] e820: last_pfn = 0x1fff0 max_arch_pfn = 0x400000000
[    0.000000] MTRR: Disabled
[    0.000000] x86/PAT: MTRRs disabled, skipping PAT initialization too.
[    0.000000] CPU MTRRs all blank - virtualized system.
[    0.000000] x86/PAT: Configuration [0-7]: WB  WT  UC- UC  WB  WT  UC- UC  
[    0.000000] found SMP MP-table at [mem 0x0009fff0-0x0009ffff] mapped at [ffff88000009fff0]
[    0.000000] Scanning 1 areas for low memory corruption
[    0.000000] RAMDISK: [mem 0x1ecc4000-0x1f769fff]
[    0.000000] ACPI: Early table checksum verification disabled
[    0.000000] ACPI: RSDP 0x00000000000E0000 000024 (v02 VBOX  )
[    0.000000] ACPI: XST 0x00001FFF0030 00003C (v01 VBOX   VBOXS 00000001 ASL  00000061)
[    0.000000] ACPI: FACP 0x000000001FFF00F0 0000F4 (v04 VBOX   VBOXFACP 00000001 ASL  00000061)
[  0.000000] ACPI: DSDT 0x00000001FFF0470 0021FF (v02 VBOX   VBOXBIOS 00000002 INTL 20100528)
[   0.0000] ACPI: FACS 0x000000001FFF0200 000040
[    0.000000] ACPI: FACS 0x000000001FFF0200 000040    0.000000] ACPI: APIC 0x000000001FFF0240 00005C (v02 VBOX   VBOXAPIC 00000001 ASL  00000061)
[    0.000000] ACPI: SSDT 0x000000001FFF02A0 0001CC (v01 VBOX   VBOXCPUT 00000002 INTL 20100528)
[    0.000000] N NUA configuration found
[    0.000000] Faking a node at [mem 0x0000000000000000-0x000000001ffeffff]
[   .000] NOD_DA(0) llatd [mem 0x1ffeb000-0x1ffeffff]
[  000000] kvm-clock: Using msrs 4b564d01 and 4b564d00
[    0.000000] kvm-clock: cpu 0, msr 0:1ffe3001, primary cpu clock
[    0.000000] kvm-clock: using sched offset of 3854616262 cycles
[    0.000000] clocksource: kvm-clock: mask: 0xffffffffffffffff max_cycles: 0x1cd42e4dffb, max_idle_ns: 881590591483 ns
[    0.000000] Zone ranges:
[    .000000]   DMA      [mem 0x0000000000001000-0x0000000000ffffff]
[    0.000000]   DMA32    [mem 0x0000000001000000-0x000000001ffeffff]
[    0.000000]   Normal   empty
[    0.000000]   Device   empty
[    0.000000] Movable zone start for each node
[    0.000000] Early memory node ranges
[    0.00000]   node  0:mem 0x0000000000001000-0x000000000009efff]
[    0.000000]   node   0: [mem 0x0000000000100000-0x000000001ffeffff]
[    0.000000] Initmem setup node 0 [mem 0x0000000000001000-0x000000001ffeffff]
[    0.000000] ACPI: PM-Timer IO Port: 0x4008
[    0.000000] IOAPIC[0]: apic_id 2, version 32, address 0xfec00000, GSI 0-23
[    0.000000] ACPI: INT_SRC_OVR (bus 0 bus_irq 0 global_irq 2 dfl dfl)
[    0.000000] ACPI: INT_SRC_OVR (bus 0 bus_irq 9 global_irq 9 low level)
[    0.000000] Using ACPI (MADT) for SMP configuration information
[    0.000000] smpboot: Allowing 2 CPUs, 0 hotplug CPUs
[    0.000000] PM: Registered nosave memory: [mem 0x00000000-0x00000fff]
[    0.000000] PM: Registered nosave memory: [mem 0x0009f000-0x0009ffff]
[   0.000000] PM: Registered nosave memory: [mem 0x000a0000-0x000effff]
[  0000000] PM: Registered nosave memory: [mem 0x000f0000-0x000fffff]
[    0.00000] e820: [mem 0x20000000-0xfefffff] available fr PCI devces
[    0.00000Booting paravirtualized kernel on KVM
[    0.000000] clocksource: refined-jiffies: mask: 0xffffffff max_cycles: 0xffffffff, mx_idle_ns: 7645519600211568 ns
[  0.000000] setup_percpu: NR_CPUS:512 nr_cpumask_bits:512 nr_cpu_ids:2 nr_node_ids:1
[    0.000000] PERCPU: Embedded 34 pages/cpu @ffff88001fc00000 s99544 r8192 d31528 u1048576
[  0000000] PV qspinlock hash table entries: 256 (order: 0, 4096 bytes)
[    0.000000] Built 1 zonelists in Node order, mobility grouping on.  Total pages: 128888
[    0.000000] Policy zone: DMA32
   0000000] Kernel command line: BOOT_IMAGE=/boot/vmlinuz-4.4.0-119-enri root=LABEL=cloudimg-rootfs ro console=tty1 console=ttyS0
[    0.000000] PID hash table entries: 2048 (order: 2, 16384 bytes)
[    0.000000] Memory: 485540K/523832K available (8532K kernel code, 1313K rwdata, 3996K rodata, 1508K init, 1316K bss, 38292K reserved, 0K cma-reserved)
[    0.000000] SLUB: HWalign=64, Order=0-3, MinObjects=0, CPUs=2, Nodes=1
[    0.000000] Kernel/User page tables isolation: enabled
[    0.000000] Hierarchical RCU implementation.
[    0.000000] 	Build-time adjustmnt of leaf fanout to 64.
[    0.000000] 	RCU restricting CPUs from NR_CPUS=512 to nr_cpu_ids=2.
[    0.000000] RCU: Adjusting geometry for rcu_fanout_leaf=64, nr_cpu_ids=2
[    0.000000] NR_IRQS:33024 nr_irqs:440 16
[    00000 Console cou VGA+ 80x25
[    0.000000] console [tty1] enabled[   0.000000] console [ttyS0] enabled
[  000000] tsc: Detected 2699.998 MHz processor
[    2.538126] Calibrating delay loop (skipped) preset value.. 5399.99 BogoMIPS (lpj=10799992)
[    2.583340] pid_max: default: 32768 minimum: 301
[    2.588613] ACPI: Core revision 20150930
[    2.617641] ACPI: 2 ACPI AML tables successfully acquired and loaded
[    2.643602] Security Framework initialized
[    2.665815] Yama: becoming mindful.
[    2.677054] AppArmor: AppArmor initialized
[    2.693363] Dentry cache hash table entries: 65536 (order: 7, 524288 bytes)
[    2.705753] Inode-cache hash table entries: 32768 (order: 6, 262144 bytes)
[    2.718305] Mount-cache hash table entries: 1024 (order: 1, 8192 bytes)
[    2.725855] Mountpoint-cache hash table entries: 1024 (order: 1, 8192 bytes)
[    2.733598] Initializing cgroup subsys io
[    2.765832] Initializing cgroup subsys memory
[    2.772801] Initializing cgroup subsys devices
[    2.781180] Initializing cgroup subsys freezer
[    2.798981] Initializing cgroup subsys net_cls
[    2.814899] Initializing cgroup subsys perf_event
[    2.823959] Initializing cgroup subsys net_prio
[    2.830909] Initializing cgroup subsys hugetlb
[    2.849303] Initializing cgroup subsys pids
[    2.857706] CPU: Physical Processor ID: 0
[    2.881987] CPU: Processor Core ID: 0
[    2.904324] FEATURE SPEC_CTRL Not Present
[    2.924788] mce: CPU supports 0 MCE banks
[    2.932862] Last level iTLB entries: 4KB 512, 2MB 8, 4MB 8
[    2.941410] Last level dTLB entries: 4KB 512, 2MB 32, 4MB 32, 1GB 0
[    2.980644] Spectre V2 mitigation: Mitigation: Full generic retpoline
[    2.985937] Spectre V2 mitigation: Speculation control IBPB not-supported IBRS not-supported
[    3.031098] Freeing SMP alternatives memory: 32K
[    3.047929] ftrace: allocating 32195 entries in 126 pages
[    3.118573] smpboot: APIC(0) Converting physical 0 to logical package 0
[    3.123084] smpboot: Max logical packages: 1
[    3.130323] x2apic enabled
[    3.138471] Switched APIC routing to physical x2apic.
[    3.161621] ..TIMER: vector=0x30 apic1=0 pin1=2 apic2=-1 pin2=-1
[    3.288543] smpboot: CPU0: Intel(R) Core(TM) i5-2500S CPU @ 2.70GHz (family: 0x6, model: 0x2a, stepping: 0x7)
[    3.323173] Performance Events: unsupported p6 CPU model 42 no PMU driver, software events only.
[    3.378956] KVM setup paravirtual spinlock
[    3.392252] x86: Booting SMP configuration:
[    3.403989] .... node  #0, CPUs:      #1
[    3.405522] kvm-clock: cpu 1, msr 0:1ffe3041, secondary cpu clock
[    3.444513] mce: CPU supports 0 MCE banks
[    3.459302] x86: Booted up 1 node, 2 CPUs
[    3.469563] smpboot: Total of 2 processors activated (10799.99 BogoMIPS)
[    3.505048] devtmpfs: initialized
[    3.538410] evm: security.selinux
[    3.546069] evm: security.SMACK64
[    3.547151] evm: security.SMACK64EXEC
[    3.555556] evm: security.SMACK64TRANSMUTE
[    3.576951] evm: security.SMACK64MMAP
[    3.607982] evm: security.ima
[    3.620846] evm: security.capability
[    3.622358] clocksource: jiffies: mask: 0xffffffff max_cycles: 0xffffffff, max_idle_ns: 7645041785100000 ns
[    3.630791] futex hash table entries: 512 (order: 3, 32768 bytes)
[    3.641916] pinctrl core: initialized pinctrl subsystem
[    3.662196] RTC time:  8:20:28, date: 04/17/18
[    3.686910] NET: Registered protocol family 16
[    3.705291] cpuidle: using governor ladder
[    3.717572] cpuidle: using governor menu
[    3.728909] PCCT header not found.
[    3.730180] ACPI: bus type PCI registered
[    3.736900] acpiphp: ACPI Hot Plug PCI Controller Driver version: 0.5
[    3.746598] PCI: Using configuration type 1 for base access
[    3.814347] ACPI: Added _OSI(Module Device)
[    3.820450] ACPI: Added _OSI(Processor Device)
[    3.827305] ACPI: Added _OSI(3.0 _SCP Extensions)
[    3.853727] ACPI: Added _OSI(Processor Aggregator Device)
[    3.919030] ACPI: Executed 1 blocks of module-level executable AML code
[    3.972906] ACPI: Interpreter enabled
[    3.986130] ACPI: (supports S0 S5)
[    3.987307] ACPI: Using IOAPIC for interrupt routing
[    4.007829] PCI: Using host bridge windows from ACPI; if necessary, use "pci=nocrs" and report a bug
[    4.026576] ACPI: PCI Root Bridge [PCI0] (domain 0000 [bus 00-ff])
[    4.064730] acpi PNP0A03:00: _OSC: OS supports [ASPM ClockPM Segments MSI]
[    4.101428] acpi PNP0A03:00: _OSC: not requesting OS control; OS requires [ExtendedConfig ASPM ClockPM MSI]
[    4.121947] acpi PNP0A03:00: fail to add MMCONFIG information, can't access extended PCI configuration space under this bridge.
[    4.154273] PCI host bridge to bus 0000:00
[    4.163476] pci_bus 0000:00: root bus resource [io  0x0000-0x0cf7 window]
[    4.213169] pci_bus 0000:00: root bus resource [io  0x0d00-0xffff window]
[    4.215209] pci_bus 0000:00: root bus resource [mem 0x000a0000-0x000bffff window]
[    4.235380] pci_bus 0000:00: root bus resource [mem 0x20000000-0xfdffffff window]
[    4.239313] pci_bus 0000:00: root bus resource [bus 00-ff]
[    4.258574] pci 0000:00:01.1: legacy IDE quirk: reg 0x10: [io  0x01f0-0x01f7]
[    4.308591] pci 0000:00:01.1: legacy IDE quirk: reg 0x14: [io  0x03f6]
[    4.318890] pci 0000:00:01.1: legacy IDE quirk: reg 0x18: [io  0x0170-0x0177]
[    4.366649] pci 0000:00:01.1: legacy IDE quirk: reg 0x1c: [io  0x0376]
[    4.410078] pci 0000:00:07.0: quirk: [io  0x4000-0x403f] claimed by PIIX4 ACPI
[    4.443797] pci 0000:00:07.0: quirk: [io  0x4100-0x410f] claimed by PIIX4 SMB
[    4.479079] ACPI: PCI Interrupt Link [LNKA] (IRQs 5 9 10 *11)
[    4.499417] ACPI: PCI Interrupt Link [LNKB] (IRQs 5 9 *10 11)
[    4.520881] ACPI: PCI Interrupt Link [LNKC] (IRQs 5 *9 10 11)
[    4.523323] ACPI: PCI Interrupt Link [LNKD] (IRQs 5 9 10 *11)
[    4.555843] ACPI: Enabled 2 GPEs in block 00 to 07
[    4.563732] vgaarb: setting as boot device: PCI:0000:00:02.0
[    4.608256] vgaarb: device added: PCI:0000:00:02.0,decodes=io+mem,owns=io+mem,locks=none
[    4.644845] vgaarb: loaded
[    4.645788] vgaarb: bridge control possible 0000:00:02.0
[    4.667603] SCSI subsystem initialized
[    4.683952] ACPI: bus type USB registered
[    4.690326] usbcore: registered new interface driver usbfs
[    4.701585] usbcore: registered new interface driver hub
[    4.730441] usbcore: registered new device driver usb
[    4.734784] PCI: Using ACPI for IRQ routing
[    4.744385] NetLabel: Initializing
[    4.753953] NetLabel:  domain hash size = 128
[    4.755429] NetLabel:  protocols = UNLABELED CIPSOv4
[    4.770696] NetLabel:  unlabeled traffic allowed by default
[    4.786717] amd_nb: Cannot enumerate AMD northbridges
[    4.793875] clocksource: Switched to clocksource kvm-clock
[    4.803717] AppArmor: AppArmor Filesystem Enabled
[  4131]npPnP ACPI init
[  5044724] pnp: PnP ACPI: found 3 devices
[   5.502]losoceac_p mk:xffffff m_ccl: ffffmaid_n: 2085701024 ns
[  61549] NET: Registered rocofaily 2

[    6.2009] TCP establisedastae trs:09(oer3,2768 bytes)

[    6.829523] TCP bind hash table entries: 4096 (order: 4, 65536 bytes)
[    6.831588] TCP: Hash tabesonguedesblhe 409 bd 96
[  704087] UDP hash tble enri: 6 rd:  82 te
  7.29] UDP-Lite shtable entries: 256 (order: 1, 8192 bytes)
[   8.090947] NET: Registered potocol family 1
[  8600]ci0000:00.0: Limiting direct PCI/PCI transfers
[    8.439743] pci 0000:00:01.0: Activating ISA DMA hang workarounds
[    8.466369] Unpacking initramfs...
[   10.174666] Freeing initrd memory: 10904K
[   10.179810] RAPL PMU detected, API unit is 2^-32 Joules, 3 fixed counters 10737418240 ms ovfl timer
[   10.185528] hw unit of domain pp0-core 2^-0 Joules
[   10.236375] hw unit of domain package 2^-0 Joules
[   10.243430] hw unit of domain pp1-gpu 2^-0 Joules
[   10.251703] platform rtc_cmos: registered platform RTC device (no PNP device found)
[   10.272466] Scanning for low memory corruption every 60 seconds
[   10.275064] audit: initializing netlink subsys (disabled)
[   10.293316] audit: type=2000 audit(1523953235.903:1): initialized
[   10.303735] Initialise system trusted keyring
[   10.313943] HugeTLB registered 2 MB page size, pre-allocated 0 pages
[   10.317193] zbud: loaded
[   10.324384] VFS: Disk quotas dquot_6.6.0
[   10.333182] VFS: Dquot-cache hash table entries: 512 (order 0, 4096 bytes)
[   10.349076] squashfs: version 4.0 (2009/01/31) Phillip Lougher
[   10.364424] fuse init (API version 7.23)
[   10.366002] Key type big_key registered
[   10.367360] Allocating IMA MOK and blacklist keyrings.
[   10.375260] Key type asymmetric registered
[   10.376514] Asymmetric key parser 'x509' registered
[   10.386735] Block layer SCSI generic (bsg) driver version 0.4 loaded (major 249)
[   10.394747] io scheduler noop registered
[   10.404811] io scheduler deadline registered (default)
[   10.431410] io scheduler cfq registered
[   10.432820] pci_hotplug: PCI Hot Plug PCI Core version: 0.5
[   10.437018] pciehp: PCI Express Hot Plug Controller Driver version: 0.4
[   10.500588] ACPI: AC Adapter [AC] (on-line)
[   10.509778] input: Power Button as /devices/LNXSYSTM:00/LNXPWRBN:00/input/input0
[   10.539252] ACPI: Power Button [PWRF]
[   10.563056] input: Sleep Button as /devices/LNXSYSTM:00/LNXSLPBN:00/input/input1
[   10.573190] ACPI: Sleep Button [SLPF]
[   10.579277] GHES: HEST is not enabled!
[   10.588357] Serial: 8250/16550 driver, 32 ports, IRQ sharing enabled
[ 102986 00:02: ttySat I/O 0x3f8 (irq = 4, base_baud= 52)  a65A
[   11.111294] Linux agpgart interface v0.103
[   11.165308] loop: module loaded
[   11.167336] scsi host0: ata_piix
[   11.173337] scsi host1: ata_piix
[   11.174555] ata1: PATA max UDMA/33 cmd 0x1f0 ctl 0x3f6 bmdma 0xd000 irq 14
[   11.176679] ata2: PATA max UDMA/33 cmd 0x170 ctl 0x376 bmdma 0xd008 irq 15
[   11.213438] libphy: Fixed MDIO Bus: probed
[   11.252393] tsc: Refined TSC clocksource calibration: 2700.001 MHz
[   11.252395] clocksource: tsc: mask: 0xffffffffffffffff max_cycles: 0x26eb3fb771e, max_idle_ns: 440795332815 ns
[   11.334941] tun: Universal TUN/TAP device driver, 1.6
[   11.503338] tun: (C) 1999-2004 Max Krasnyansky <maxk@qualcomm.com>
[   11.544059] PPP generic driver version 2.4.2
[   11.573385] ehci_hcd: USB 2.0 'Enhanced' Host Controller (EHCI) Driver
[   11.594115] ehci-pci: EHCI PCI platform driver
[   11.634367] ehci-platform: EHCI generic platform driver
[   11.813308] ohci_hcd: USB 1.1 'Open' Host Controller (OHCI) Driver
[   11.874051] ohci-pci: OHCI PCI platform driver
[   11.887907] ohci-platform: OHCI generic platform driver
[   11.900438] uhci_hcd: USB Universal Host Controller Interface driver
[   11.916881] i8042: PNP: PS/2 Controller [PNP0303:PS2K,PNP0f03:PS2M] at 0x60,0x64 irq 1,12
[   11.939226] serio: i8042 KBD port at 0x60,0x64 irq 1
[   11.942877] serio: i8042 AUX port at 0x60,0x64 irq 12
[   11.946688] mousedev: PS/2 mouse device common for all mice
[   11.951147] rtc_cmos rtc_cmos: rtc core: registered rtc_cmos as rtc0
[   11.973277] rtc_cmos rtc_cmos: alarms up to one day, 114 bytes nvram
[   11.982487] input: AT Translated Set 2 keyboard as /devices/platform/i8042/serio0/input/input2
[   11.991147] i2c /dev entries driver
[   11.995340] device-mapper: uevent: version 1.0.3
[   11.999587] device-mapper: ioctl: 4.34.0-ioctl (2015-10-28) initialised: dm-devel@redhat.com
[   12.009434] ledtrig-cpu: registered to indicate activity on CPUs
[   12.013580] NET: Registered protocol family 10
[   12.019629] NET: Registered protocol family 17
[   12.026638] Key type dns_resolver registered
[   12.032226] registered taskstats version 1
[   12.034330] Loading compiled-in X.509 certificates
[   12.037888] Loaded X.509 cert 'Build time autogenerated kernel key: f854e06633b5f496ced5b2e02c7b14f761b69302'
[   12.047929] zswap: loaded using pool lzo/zbud
[   12.054253] Key type trusted registered
[   12.067815] Key type encrypted registered
[   12.069919] AppArmor: AppArmor sha1 policy hashing enabled
[   12.075312] ima: No TPM chip found, activating TPM-bypass!
[   12.110599] evm: HMAC attrs: 0x1
[   12.114382]   Magic number: 14:382:321
[   12.119992] tty tty46: hash matches
[   12.154665] pci 0000:00:02.0: hash matches
[   12.161621] rtc_cmos rtc_cmos: setting system clock to 2018-04-17 08:20:37 UTC (1523953237)
[   12.172696] BIOS EDD facility v0.16 2004-Jun-25, 0 devices found
[   12.200618] EDD information not available.
[   12.208644] Freeing unused kernel memory: 1508K
[   12.227465] Write protecting the kernel read-only data: 14336k
[   12.247444] Freeing unused kernel memory: 1696K
[   12.260873] Freeing unused kernel memory: 100K
Loading, please wait...
starting version[   12.283874] random: systemd-udevd: uninitialized urandom read (16 bytes read, 3 bits of entropy available)
 229
[   12.284226] random: udevadm: uninitialized urandom read (16 bytes read, 3 bits of entropy available)
[   12.284253] random: udevadm: uninitialized urandom read (16 bytes read, 3 bits of entropy available)
[   12.299990] random: udevadm: uninitialized urandom read (16 bytes read, 3 bits of entropy available)
[   12.300056] random: udevadm: uninitialized urandom read (16 bytes read, 3 bits of entropy available)
[   12.300248] random: udevadm: uninitialized urandom read (16 bytes read, 3 bits of entropy available)
[   12.300322] random: udevadm: uninitialized urandom read (16 bytes read, 3 bits of entropy available)
[   12.300397] random: udevadm: uninitialized urandom read (16 bytes read, 3 bits of entropy available)
[   12.300471] random: udevadm: uninitialized urandom read (16 bytes read, 3 bits of entropy available)
[   12.300543] random: udevadm: uninitialized urandom read (16 bytes read, 3 bits of entropy available)
[   12.482921] Fusion MPT base driver 3.04.20
[   12.493790] Copyright (c) 1999-2008 LSI Corporation
[   12.521777] e1000: Intel(R) PRO/1000 Network Driver - version 7.3.21-k8-NAPI
[   12.532176] e1000: Copyright (c) 1999-2006 Intel Corporation.
[   12.573855] AVX version of gcm_enc/dec engaged.
[   12.590796] AES CTR mode by8 optimization enabled
[   12.603288] Fusion MPT SPI Host driver 3.04.20
[   12.778954] input: ImExPS/2 Generic Explorer Mouse as /devices/platform/i8042/serio1/input/input4
[   13.078416] e1000 0000:00:03.0 eth0: (PCI:33MHz:32-bit) 02:39:99:10:d1:5e
[   13.120442] e1000 0000:00:03.0 eth0: Intel(R) PRO/1000 Network Connection
[   13.133984] mptbase: ioc0: Initiating bringup
[   13.134949] e1000 0000:00:03.0 enp0s3: renamed from eth0
[   13.232733] ioc0: LSI53C1030 A0: Capabilities={Initiator}
[   14.003185] scsi host2: ioc0: LSI53C1030 A0, FwRev=00000000h, Ports=1, MaxQ=256, IRQ=20
[   14.273396] scsi 2:0:0:0: Direct-Access     VBOX     HARDDISK         1.0  PQ: 0 ANSI: 5
[   14.322839] scsi target2:0:0: Beginning Domain Validation
[   14.342699] scsi target2:0:0: Domain Validation skipping write tests
[   14.577716] scsi target2:0:0: Ending Domain Validation
[   14.599944] scsi target2:0:0: asynchronous
[   14.628152] scsi 2:0:1:0: Direct-Access     VBOX     HARDDISK         1.0  PQ: 0 ANSI: 5
[   14.647526] scsi target2:0:1: Beginning Domain Validation
[   14.667401] scsi target2:0:1: Domain Validation skipping write tests
[   15.000109] scsi target2:0:1: Ending Domain Validation
[   15.591496] scsi target2:0:1: asynchronous
[   15.601969] floppy0: no floppy controllers found
[   15.603598] work still pending
[   15.609970] sd 2:0:0:0: Attached scsi generic sg0 type 0
[   15.619549] sd 2:0:0:0: [sda] 20971520 512-byte logical blocks: (10.7 GB/10.0 GiB)
[   15.688223] sd 2:0:1:0: [sdb] 20480 512-byte logical blocks: (10.5 MB/10.0 MiB)
[   15.691001] sd 2:0:1:0: Attached scsi generic sg1 type 0
[   15.698585] sd 2:0:0:0: [sda] Write Protect is off
[   15.698904] sd 2:0:1:0: [sdb] Write Protect is off
[   15.699156] sd 2:0:1:0: [sdb] Incomplete mode parameter data
[   15.699157] sd 2:0:1:0: [sdb] Assuming drive cache: write through
[   15.712261] sd 2:0:1:0: [sdb] Attached SCSI disk
[   16.053470] sd 2:0:0:0: [sda] Incomplete mode parameter data
[   16.213013] sd 2:0:0:0: [sda] Assuming drive cache: write through
[   16.312875]  sda: sda1
[   16.315008] sd 2:0:0:0: [sda] Attached SCSI disk
Begin: Loading essential drivers ... [   17.728253] md: linear personality registered for level -1
[   17.738781] md: multipath personality registered for level -4
[   17.760003] md: raid0 personality registered for level 0
[   17.773475] md: raid1 personality registered for level 1
[   17.862170] raid6: sse2x1   gen()  8945 MB/s
[   17.934081] raid6: sse2x1   xor()  6990 MB/s
[   18.006112] raid6: sse2x2   gen() 11380 MB/s
[   18.086039] raid6: sse2x2   xor()  8224 MB/s
[   18.174417] raid6: sse2x4   gen() 13066 MB/s
[   18.249899] raid6: sse2x4   xor()  9820 MB/s
[   18.259026] raid6: using algorithm sse2x4 gen() 13066 MB/s
[   18.275842] raid6: .... xor() 9820 MB/s, rmw enabled
[   18.297952] raid6: using ssse3x2 recovery algorithm
[   18.329720] xor: automatically using best checksumming function:
[   18.426242]    avx       : 25832.000 MB/sec
[   18.474687] async_tx: api initialized (async)
[   18.503906] md: raid6 personality registered for level 6
[   18.528373] md: raid5 personality registered for level 5
[   18.558904] md: raid4 personality registered for level 4
[   18.613734] md: raid10 personality registered for level 10
done.
Begin: Running /scripts/init-premount ... done.
Begin: Mounting root file system ... Begin: Running /scripts/local-top ... done.
Begin: Runnin[   18.667671] Btrfs loaded
g /scripts/local-premount ... Scanning for Btrfs filesystems
done.
Warning: fsck not present, so skipping root file system
[   18.758211] EXT4-fs (sda1): mounted filesystem with ordered data mode. Opts: (null)
done.
Begin: Running /scripts/local-bottom ... done.
Begin: Running /scripts/init-bottom ... done.
[   19.295950] systemd[1]: systemd 229 running in system mode. (+PAM +AUDIT +SELINUX +IMA +APPARMOR +SMACK +SYSVINIT +UTMP +LIBCRYPTSETUP +GCRYPT +GNUTLS +ACL +XZ -LZ4 +SECCOMP +BLKID +ELFUTILS +KMOD -IDN)
[   19.304945] systemd[1]: Detected virtualization oracle.
[   19.316323] systemd[1]: Detected architecture x86-64.

Welcome to [1mUbuntu 16.04.4 LTS[0m!

[  1367142] systemd[1]: Set hostnameo buu>
[   19.618795] systemd[1]: Initializing machine ID from random generator.
[   19.633659] systemd[1]: Installed transient /etc/machine-id file.
[   19.864047] random: nonblocking pool is initialized
[   20.126985] systemd[1]: Listening on LVM2 metadata daemon socket.
[[0;32m  OK  [0m] Listening on LVM2 metadata daemon socket.
[   20.167207] systemd[1]: Listening on Journal Audit Socket.
[[0;32m  OK  [0m] Listening on Journal Audit Socket.
[   20.182594] systemd[1]: Created slice System Slice.
[[0;32m  OK  [0m] Created slice System Slice.
[  20.212873] systemd[1]: Created slice system-serial\x2dgetty.slice.
[[0;32m  OK  [0m] Created slice system-serial\x2dgetty.slice.
[ 202733sytemd[1]: Created slice User and Session Sic
[[0;32m  OK  [0m] Created slice User and Session Slice.
[   20.567636] systemd[1]: Reached target Slices.
[[0;32m  OK  [0m] Reached target Slices.
[   20.582627] systemd[1]: Started Forward Password Requests to Wall Directory Watch.
[[0;32m  OK  [0m] Started Forward Password Requests to Wall Directory Watch.
[   206365syem1] Reached arget System imSynchronized.

[[0;32m  OK  [0m] Reached target System Time Synchronized.
[ 210666] systemd[1]: Listening on Syslog Socket.
[[0;32m  OK  [0m] Listening on Syslog Socket.
[  21.153487] systemd[1]: Listening on Journal Socket (/dev/log).
[[0;32m  OK  [0m] Listening on Journal Socket (/dev/log).
[   1.232871] systemd[1]: Reached target Swap.

[[0;32m  OK  [0m] Reached target Swap.
[   21.278958] systemd[1]: Reached target User and Group Name Lookups.
[[0;32m  OK  [0m] Reached target User and Group Name Lookups.
[ 21020]ysmd]:Lieng  Dicmaer ve demn FIFO.
[[0;32m  OK  [0m] Listening on Device-mapper event daemon FIFOs.
[  2054136] systemd[1]: Started Trigger resolvconf update for networkd DNS.
[[0;32m  OK  [0m] Started Trigger resolvconf update for networkd DNS.
[ 22.182544] systemd[1]: Listening on Journal Socket.
[[0;32m  OK  [0m] Listening on Journal Socket.
[   22.278692] systemd[1]: Starting Monitoring of LVM2 mirrors, snapshots etc. using dmeventd or progress polling...
         Starting Monitoring of LVM2 mirrors... dmeventd or progress polling...
[   22.362475] systemd[1]: Starting Nameserver information manager...
         Starting Nameserver information manager...
[   22.424393] systemd[1]: Starting Load Kernel Modules...
         Starting Load Kernel Modules...
[   22.451665] Loading iSCSI transport class v2.0-870.
[   22.570205] systemd[1]: Starting Remount Root and Kernel File Systems...
[   22.711301] iscsi: registered transport (tcp)
         [   22.724448] EXT4-fs (sda1): re-mounted. Opts: (null)
Starting Remount Root and Kernel File Systems...
[   22.730429] systemd[1]: Mounting POSIX Message Queue File System...
         Mounting POSIX Message Queue File System...
[   22.755894] systemd[1]: Starting Journal Service...
         Starting Journal Service...
[   22.788029] systemd[1]: Starting Uncomplicated firewall...
         Starting Uncomplicated firewall...
[   22.862877] systemd[1]: Mounting Debug File System...
         Mounting Debug File System...
[   22.957926] systemd[1]: Starting Set console keymap...
[   22.959651] iscsi: registered transport (iser)
         Starting Set console keymap...
[   23.055375] systemd[1]: Mounting Huge Pages File System...
         Mounting Huge Pages File System...
[   23.146255] systemd[1]: Reached target Encrypted Volumes.
[[0;32m  OK  [0m] Reached target Encrypted Volumes.
[   23.170744] systemd[1]: Set up automount Arbitrary Executable File Formats File System Automount Point.
[[0;32m  OK  [0m] Set up automount Arbitrary Executab...ats File System Automount Point.
[   23.258246] systemd[1]: Starting Create list of required static device nodes for the current kernel...
         Starting Create list of required st... nodes for the current kernel...
[   23.424696] systemd[1]: Listening on udev Control Socket.
[[0;32m  OK  [0m] Listening on udev Control Socket.
[   23.530334] systemd[1]: Listening on udev Kernel Socket.
[[0;32m  OK  [0m] Listening on udev Kernel Socket.
[   23.630753] systemd[1]: Listening on /dev/initctl Compatibility Named Pipe.
[[0;32m  OK  [0m] Listening on /dev/initctl Compatibility Named Pipe.
[   23.670468] systemd[1]: Listening on LVM2 poll daemon socket.
[[0;32m  OK  [0m] Listening on LVM2 poll daemon socket.
[   23.715505] systemd[1]: Mounted Debug File System.
[[0;32m  OK  [0m] Mounted Debug File System.
[   23.766628] systemd[1]: Mounted POSIX Message Queue File System.
[[0;32m  OK  [0m] Mounted POSIX Message Queue File System.
[   23.818344] systemd[1]: Mounted Huge Pages File System.
[[0;32m  OK  [0m] Mounted Huge Pages File System.
[   23.866476] systemd[1]: Started Journal Service.
[[0;32m  OK  [0m] Started Journal Service.
[[0;32m  OK  [0m] Started Load Kernel Modules.
[[0;32m  OK  [0m] Started Remount Root and Kernel File Systems.
[[0;32m  OK  [0m] Started Uncomplicated firewall.
[[0;32m  OK  [0m] Started Set console keymap.
[[0;32m  OK  [0m] Started Create list of required sta...ce nodes for the current kernel.
[[0;32m  OK  [0m] Started Nameserver information manager.
[[0;32m  OK  [0m] Started LVM2 metadata daemon.
         Starting Create Static Device Nodes in /dev...
         Starting Initial cloud-init job (pre-networking)...
         Starting Load/Save Random Seed...
         Starting udev Coldplug all Devices...
         Mounting FUSE Control File System...
         Starting Apply Kernel Variables...
         Starting Flush Journal to Persistent Storage...
[[0;32m  OK  [0m] Mounted FUSE Control File System.
[[0;32m  OK  [0m] Started Create Static Device Nodes in /dev.
[[0;32m  OK  [0m] Started Load/Save Random Seed.
[[0;32m  OK  [0m] Started Apply Kernel Variables.
[[0;32m  OK  [0m] Started udev Coldplug all Devices.
         Starting udev Kernel Device Manager...
[[0;32m  OK  [0m] Started Flush Journal to Persistent Storage.
[[0;32m  OK  [0m] Started Monitoring of LVM2 mirrors,...ng dmeventd or progress polling.
[[0;32m  OK  [0m] Started udev Kernel Device Manager.
[[0;32m  OK  [0m] Reached target Local File Systems (Pre).
[[0;32m  OK  [0m] Reached target Local File Systems.
         Starting Tell Plymouth To Write Out Runtime Data...
         Starting Commit a transient machine-id on disk...
         Starting Set console font and keymap...
         Starting LSB: AppArmor initialization...
         Starting Create Volatile Files and Directories...
[[0;32m  OK  [0m] Started Dispatch Password Requests to Console Directory Watch.
[[0;32m  OK  [0m] Started Tell Plymouth To Write Out Runtime Data.
[[0;32m  OK  [0m] Started Commit a transient machine-id on disk.
[[0;32m  OK  [0m] Started Create Volatile Files and Directories.
         Starting Update UTMP about System Boot/Shutdown...
[[0;32m  OK  [0m] Started Update UTMP about System Boot/Shutdown.
[[0;32m  OK  [0m] Found device /dev/ttyS0.
[[0;32m  OK  [0m] Listening on Load/Save RF Kill Switch Status /dev/rfkill Watch.
[[0;32m  OK  [0m] Started LSB: AppArmor initialization.
[[0;32m  OK  [0m] Started Set console font and keymap.
[[0;32m  OK  [0m] Created slice system-getty.slice.
[   23.585412] cloud-init[429]: Cloud-init v. 17.2 running 'init-local' at Tue, 17 Apr 2018 08:20:52 +0000. Up 23.13 seconds.
[[0;32m  OK  [0m] Started Initial cloud-init job (pre-networking).
[[0;32m  OK  [0m] Reached target Network (Pre).
         Starting Raise network interfaces...
[[0;32m  OK  [0m] Started Raise network interfaces.
         Starting Initial cloud-init job (metadata service crawler)...
[[0;32m  OK  [0m] Reached target Network.
[   25.822058] cloud-init[934]: Cloud-init v. 17.2 running 'init' at Tue, 17 Apr 2018 08:20:53 +0000. Up 24.41 seconds.
[   25.856901] cloud-init[934]: ci-info: +++++++++++++++++++++++++++++++++++++Net device info++++++++++++++++++++++++++++++++++++++
[   25.885052] cloud-init[934]: ci-info: +--------+------+----------------------------+---------------+-------+-------------------+
[   25.885684] cloud-init[934]: ci-info: | Device |  Up  |          Address           |      Mask     | Scope |     Hw-Address    |
[[0;32m  OK  [0m] Started Initial cloud-init job (metadata service crawler).
[   25.886150] cloud-init[934]: ci-info: +--------+------+----------------------------+---------------+-------+-------------------+
[   26.004867] cloud-init[934]: ci-info: | enp0s3 | True |         10.0.2.15          | 255.255.255.0 |   .   | 02:39:99:10:d1:5e |
[[   26.005393] [0;32m  OK  [0mcloud-init] [934]: Reached target System Initialization.ci-info: | enp0s3 | True | fe80::39:99ff:fe10:d15e/64 |       .       |  link | 02:39:99:10:d1:5e |

[   26.005799] cloud-init[934]: ci-info: |   lo   | True |         127.0.0.1          |   255.0.0.0   |   .   |         .         |
[[   26.141356] [0;32m  OK  [0mcloud-init] [934]: Listening on D-Bus System Message Bus Socket.ci-info: |   lo   | True |          ::1/128           |       .       |  host |         .         |

[   26.210135] cloud-init[934]: ci-info: +--------+------+----------------------------+---------------+-------+-------------------+
[   26.210905] [cloud-init[0;32m  OK  [0m[934]: ] ci-info: +++++++++++++++++++++++++++Route IPv4 info++++++++++++++++++++++++++++Started Timer to automatically refresh installed snaps.

[   26.211305] cloud-init[934]: ci-info: +-------+-------------+----------+---------------+-----------+-------+
[   26.372147] cloud-init[934]: ci-info: | Route | Destination | Gateway  |    Genmask    | Interface | Flags |
[   26.394261] cloud-init[934]: ci-info: +-------+-------------+----------+---------------+-----------+-------+
         [   26.415833] Starting LXD - unix socket.cloud-init
[934]: ci-info: |   0   |   0.0.0.0   | 10.0.2.2 |    0.0.0.0    |   enp0s3  |   UG  |
[   26.443621] cloud-init[934]: ci-info: |   1   |   10.0.2.0  | 0.0.0.0  | 255.255.255.0 |   enp0s3  |   U   |
[   26.444290] cloud-init[934]: ci-info: +-------+-------------+----------+---------------+-----------+-------+
[[0;32m  OK  [0m] Started Daily apt download activities.
[   26.445029] cloud-init[934]: Generating public/private rsa key pair.
[   26.554989] cloud-init[934]: Your identification has been saved in /etc/ssh/ssh_host_rsa_key.
[[0;32m  OK  [0m] Started Daily apt upgrade and clean activities.
[[   26.555355] cloud-init[934]: Your public key has been saved in /etc/ssh/ssh_host_rsa_key.pub.
[   26.681298] cloud-init[934]: The key fingerprint is:
[0;32m  OK  [0m] Started Daily Cleanup of Temporary Directories.
[   26.682064] cloud-init[934]: SHA256:QbhieG3euEgY5qMXF8Otp1Alsm+zIEETqCz5ix5sU1g root@ubuntu-xenial
[   26.741822] cloud-init[934]: The key's randomart image is:
[[0;32m  OK  [0m] Reached target Timers.
[   26.742244] cloud-init[934]: +---[RSA 2048]----+
[   26.784654] cloud-init[934]: |...    ..        |
[   26.785400] cloud-init[934]: |.o. . o.         |
[[0;32m  OK  [0m] Started ACPI Events Check.
[[   26.785814] cloud-init[934]: |+..E = ..        |
[   26.846111] [0;32m  OK  [0mcloud-init] [934]: Reached target Paths.|=.B O =  .       |

[   26.904893] cloud-init[934]: |.* O B oS        |
[[   26.905464] [0;32m  OK  [0mcloud-init] [934]: Listening on UUID daemon activation socket.|o X B + .        |

[   26.905942] cloud-init[934]: | O X * .         |
[   26.967365] [cloud-init[0;32m  OK  [0m[934]: ] |+ = + .          |Listening on ACPID Listen Socket.

[   26.967764] cloud-init[934]: |.o               |
[   27.062826] cloud-init[934]: +----[SHA256]-----+
         [   27.063335] Starting Socket activation for snappy daemon.cloud-init
[934]: Generating public/private dsa key pair.
[   27.108647] cloud-init[934]: Your identification has been saved in /etc/ssh/ssh_host_dsa_key.
[[   27.109284] [0;32m  OK  [0mcloud-init] [934]: Reached target Cloud-config availability.Your public key has been saved in /etc/ssh/ssh_host_dsa_key.pub.

[   27.168455] cloud-init[934]: The key fingerprint is:
[[   27.169077] [0;32m  OK  [0mcloud-init] [934]: Reached target Network is Online.SHA256:xcFnU+fBxR2mxjsSlvFNHD8W/Fqbg2XbuA60f8xVmhQ root@ubuntu-xenial

[   27.212902] cloud-init[934]: The key's randomart image is:
         Starting iSCSI initiator daemon (iscsid)...
[   27.213518] cloud-init[934]: +---[DSA 1024]----+
[   27.248826] cloud-init[934]: |         ... .=OB|
[[   27.249388] [0;32m  OK  [0mcloud-init] [934]: Listening on LXD - unix socket.|         ...O E**|

[   27.249861] cloud-init[934]: |          o* * =+|
[   27.333068] cloud-init[934]: |         .. o +o=|
[[0;32m  OK  [0m] Listening on Socket activation for snappy daemon.
[   27.333460] cloud-init[934]: |        S  ..++**|
[   27.380736] cloud-init[934]: |           ..o*=o|
[[   27.393037] cloud-init[934]: |            o  +o|
[   27.393355] cloud-init[934]: |             o. +|
[0;32m  OK  [0m] Reached target Sockets.
[   27.394439] cloud-init[934]: |             .o. |
[   27.461067] cloud-init[934]: +----[SHA256]-----+
[[0;32m  OK  [0m] Reached target Basic System.
[   27.461530] cloud-init[934]: Generating public/private ecdsa key pair.
[   27.551476] cloud-init[934]: Your identification has been saved in /etc/ssh/ssh_host_ecdsa_key.
[   27.552187] cloud-init[934]: Your public key has been saved in /etc/ssh/ssh_host_ecdsa_key.pub.
         Starting Accounts Service...
[   27.552908] cloud-init[934]: The key fingerprint is:
         [   27.613032] Starting Login Service...cloud-init
[934]: SHA256:N95mMyFb47qkhTVb2O/rPPlovau3InJKK3Y32+719No root@ubuntu-xenial
[   27.636545] cloud-init[934]: The key's randomart image is:
[[   27.637239] [0;32m  OK  [0mcloud-init] [934]: Started Regular background program processing daemon.+---[ECDSA 256]---+

[   27.637657] cloud-init[934]: |                 |
[   27.677481] cloud-init[934]: |                 |
         Starting LSB: MD monitoring daemon...
[   27.678146] cloud-init[934]: |                 |
[   27.716739] cloud-init[934]: |           o     |
         [   27.717188] Starting /etc/rc.local Compatibility...cloud-init
[934]: |        S B *    |
[   27.748899] cloud-init[934]: |         = @ +   |
[[0;32m  OK  [0m] Started D-Bus System Message Bus.
[   27.764327] cloud-init[934]: |        ..* B .+.|
[   27.784210] cloud-init[934]: |       o.*.O.*==+|
[   27.789109] cloud-init[934]: |      . +oBo*B@OE|
[   27.800747] cloud-init[934]: +----[SHA256]-----+
[   27.820563] cloud-init[934]: Generating public/private ed25519 key pair.
         [   27.848918] cloud-init[934]: Your identification has been saved in /etc/ssh/ssh_host_ed25519_key.
[   27.849945] cloud-init[934]: Your public key has been saved in /etc/ssh/ssh_host_ed25519_key.pub.
Starting System Logging Service...
[   27.852219] cloud-init[934]: The key fingerprint is:
[   27.904732] cloud-init[934]: SHA256:iZNxEPxKvAWcCxV0vkuofAjAolHVjeWwsQ/1rN/RLnU root@ubuntu-xenial
[   27.905381] [cloud-init[0;32m  OK  [0m[934]: ] The key's randomart image is:Started FUSE filesystem for LXC.

[   27.905826] cloud-init[934]: +--[ED25519 256]--+
[   27.976109] cloud-init[934]: |  ...*OB+        |
[[0;32m  OK  [0m] Started Unattended Upgrades Shutdown.
[   27.976681] cloud-init[934]: |..  . B@.o       |
[   28.048728] cloud-init[934]: |+.   o=++ o      |
         [   28.049334] Starting Virtualbox guest utils...cloud-init
[934]: |oo    +Oo+   .   |
[   28.084594] cloud-init[934]: |. .  .=+S   . o E|
[   28.085161] cloud-init[934]: |   o ooo o . + . |
[[0;32m  OK  [0m] Started ACPI event daemon.
[   28.085620] cloud-init[934]: |    + . . . o .  |
         Starting LSB: Record successful boot for GRUB...
         Starting Apply the settings specified in cloud-config...
[   28.141040] cloud-init[934]: |     .       .   |
[   28.166578] cloud-init[934]: |                 |
         Starting Snappy daemon...
[   28.188313] cloud-init[934]: +----[SHA256]-----+
[[0;32m  OK  [0m] Started Deferred execution scheduler.
         Starting Pollinate to seed the pseudo random number generator...
         Starting LXD - container startup/shutdown...
[[0;32m  OK  [0m] Started System Logging Service.
[[0;32m  OK  [0m] Started iSCSI initiator daemon (iscsid).
[[0;32m  OK  [0m] Started /etc/rc.local Compatibility.
[[0;32m  OK  [0m] Started Login Service.
         Starting Authenticate and Authorize Users to Run Privileged Tasks...
         Starting Login to default iSCSI targets...
[[0;32m  OK  [0m] Started LSB: Record successful boot for GRUB.
[[0;32m  OK  [0m] Started LSB: MD monitoring daemon.
[[0;32m  OK  [0m] Started Login to default iSCSI targets.
[[0;32m  OK  [0m] Reached target Remote File Systems (Pre).
[[0;32m  OK  [0m] Reached target Remote File Systems.
         Starting Permit User Sessions...
         Starting LSB: Set the CPU Frequency Scaling governor to "ondemand"...
         Starting LSB: daemon to balance interrupts for SMP systems...
         Starting LSB: automatic crash report generation...
[[0;32m  OK  [0m] Started Permit User Sessions.
[[0;32m  OK  [0m] Started Authenticate and Authorize Users to Run Privileged Tasks.
[[0;32m  OK  [0m] Started Accounts Service.
[[0;32m  OK  [0m] Started LSB: Set the CPU Frequency Scaling governor to "ondemand".
         Starting Terminate Plymouth Boot Screen...
         Starting Hold until boot process finishes up...
[[0;32m  OK  [0m] Started Terminate Plymouth Boot Screen.
[[0;32m  OK  [0m] Started Virtualbox guest utils.
[[0;32m  OK  [0m] Started Hold until boot process finishes up.
[[0;32m  OK  [0m] Started Serial Getty on ttyS0.
[   29.127258] cloud-init[1075]: Generating locales (this might take a while)...
[[0;32m  OK  [0m] Started Getty on tty1.
[[0;32m  OK  [0m] Reached target Login Prompts.
         Starting Set console scheme...
[[0;32m  OK  [0m] Started LSB: daemon to balance interrupts for SMP systems.
[[0;32m  OK  [0m] Started LSB: automatic crash report generation.
[[0;32m  OK  [0m] Started Set console scheme.
[[0;32m  OK  [0m] Started Snappy daemon.
[[0;32m  OK  [0m] Started LXD - container startup/shutdown.
[[0;32m  OK  [0m] Started Pollinate to seed the pseudo random number generator.
[   30.448003] cloud-init[1075]:   en_US.UTF-8... done
[   30.465215] cloud-init[1075]: Generation complete.
         Starting OpenBSD Secure Shell server...
[[0;32m  OK  [0m] Started OpenBSD Secure Shell server.
[[0;32m  OK  [0m] Reached target Multi-User System.
[[0;32m  OK  [0m] Reached target Graphical Interface.
         Starting Update UTMP about System Runlevel Changes...
[[0;32m  OK  [0m] Started Update UTMP about System Runlevel Changes.
[[0;32m  OK  [0m] Created slice User Slice of vagrant.
         Starting User Manager for UID 1000...
[[0;32m  OK  [0m] Started Session 1 of user vagrant.
[[0;32m  OK  [0m] Started User Manager for UID 1000.
[   31.452235] cloud-init[1075]: Cloud-init v. 17.2 running 'modules:config' at Tue, 17 Apr 2018 08:20:58 +0000. Up 28.49 seconds.
[[0;32m  OK  [0m] Started Apply the settings specified in cloud-config.
         Starting Execute cloud user/final scripts...
ci-info: no authorized ssh keys fingerprints found for user ubuntu.
<14>Apr 17 08:21:01 ec2: 
<14>Apr 17 08:21:01 ec2: #############################################################
<14>Apr 17 08:21:01 ec2: -----BEGIN SSH HOST KEY FINGERPRINTS-----
<14>Apr 17 08:21:01 ec2: 1024 SHA256:xcFnU+fBxR2mxjsSlvFNHD8W/Fqbg2XbuA60f8xVmhQ root@ubuntu-xenial (DSA)
<14>Apr 17 08:21:01 ec2: 256 SHA256:N95mMyFb47qkhTVb2O/rPPlovau3InJKK3Y32+719No root@ubuntu-xenial (ECDSA)
<14>Apr 17 08:21:01 ec2: 256 SHA256:iZNxEPxKvAWcCxV0vkuofAjAolHVjeWwsQ/1rN/RLnU root@ubuntu-xenial (ED25519)
<14>Apr 17 08:21:01 ec2: 2048 SHA256:QbhieG3euEgY5qMXF8Otp1Alsm+zIEETqCz5ix5sU1g root@ubuntu-xenial (RSA)
<14>Apr 17 08:21:01 ec2: -----END SSH HOST KEY FINGERPRINTS-----
<14>Apr 17 08:21:01 ec2: #############################################################
-----BEGIN SSH HOST KEY KEYS-----
ecdsa-sha2-nistp256 AAAAE2VjZHNhLXNoYTItbmlzdHAyNTYAAAAIbmlzdHAyNTYAAABBBIughfpWCaaYTwDW45ZgCtHpeZTu3aojAuuAw5l/Dfq+d4DBVMuvhNGOsgOFyG8AVYCQ9nbTIbp7ikXYu0Q2EN4= root@ubuntu-xenial
ssh-ed25519 AAAAC3NzaC1lZDI1NTE5AAAAIFqy1yUb0GNbAUCpTFAypkTvtuDpeyTiqMLe5Jtvh7Bv root@ubuntu-xenial
ssh-rsa AAAAB3NzaC1yc2EAAAADAQABAAABAQDGdZG0NuaHVoVwwYxHugw7h9Fc//H1Q2vkN1Mlgor3CV1Xt+VbEliJvkiQmx/HWawJ4qPDe5hEs0OvyJwT6VsbDycVE+IIOX6ILY4EbVL9Websl+9XaahaFolZBycnlldhv8qo1HPxi/1P3/7PdUR6CINeP85lTIgC4xMChPbLSh5TnxQrjjEVPTdaPxEOs0nZmCo8twqI2+ShNNaAu4hYeIcU7pzcr05MJsWfdqrngSLpyzaSjCzX1Ew+Afnnq0yU1sLyMbRLndjrHAgH4tUxKwohDT+Y0CFvBXmP/4i9KW/IvEH0y+r8Ue5yfwsQtdeNbZHUxcN8Vyb6jYIuUGVD root@ubuntu-xenial
-----END SSH HOST KEY KEYS-----
[   32.395163] cloud-init[1344]: Cloud-init v. 17.2 running 'modules:final' at Tue, 17 Apr 2018 08:21:01 +0000. Up 31.88 seconds.
[   32.407225] cloud-init[1344]: ci-info: no authorized ssh keys fingerprints found for user ubuntu.
[   32.430947] cloud-init[1344]: Cloud-init v. 17.2 finished at Tue, 17 Apr 2018 08:21:01 +0000. Datasource DataSourceNoCloud [seed=/dev/sdb][dsmode=net].  Up 32.38 seconds
[[0;32m  OK  [0m] Started Execute cloud user/final scripts.
[[0;32m  OK  [0m] Reached target Cloud-init target.

Ubuntu 16.04.4 LTS ubuntu-xenial ttyS0

ubuntu-xenial login: 